execve("./main", ["./main"], [/* 22 vars */]) = 0
brk(NULL)                               = 0x1f4e000
access("/etc/ld.so.nohwcap", F_OK)      = -1 ENOENT (No such file or directory)
access("/etc/ld.so.preload", R_OK)      = -1 ENOENT (No such file or directory)
open("/etc/ld.so.cache", O_RDONLY|O_CLOEXEC) = 3
fstat(3, {st_mode=S_IFREG|0644, st_size=42519, ...}) = 0
mmap(NULL, 42519, PROT_READ, MAP_PRIVATE, 3, 0) = 0x7f73ecd92000
close(3)                                = 0
access("/etc/ld.so.nohwcap", F_OK)      = -1 ENOENT (No such file or directory)
open("/lib/x86_64-linux-gnu/libc.so.6", O_RDONLY|O_CLOEXEC) = 3
read(3, "\177ELF\2\1\1\3\0\0\0\0\0\0\0\0\3\0>\0\1\0\0\0P\t\2\0\0\0\0\0"..., 832) = 832
fstat(3, {st_mode=S_IFREG|0755, st_size=1868984, ...}) = 0
mmap(NULL, 4096, PROT_READ|PROT_WRITE, MAP_PRIVATE|MAP_ANONYMOUS, -1, 0) = 0x7f73ecd91000
mmap(NULL, 3971488, PROT_READ|PROT_EXEC, MAP_PRIVATE|MAP_DENYWRITE, 3, 0) = 0x7f73ec7ae000
mprotect(0x7f73ec96e000, 2097152, PROT_NONE) = 0
mmap(0x7f73ecb6e000, 24576, PROT_READ|PROT_WRITE, MAP_PRIVATE|MAP_FIXED|MAP_DENYWRITE, 3, 0x1c0000) = 0x7f73ecb6e000
mmap(0x7f73ecb74000, 14752, PROT_READ|PROT_WRITE, MAP_PRIVATE|MAP_FIXED|MAP_ANONYMOUS, -1, 0) = 0x7f73ecb74000
close(3)                                = 0
mmap(NULL, 4096, PROT_READ|PROT_WRITE, MAP_PRIVATE|MAP_ANONYMOUS, -1, 0) = 0x7f73ecd90000
mmap(NULL, 4096, PROT_READ|PROT_WRITE, MAP_PRIVATE|MAP_ANONYMOUS, -1, 0) = 0x7f73ecd8f000
arch_prctl(ARCH_SET_FS, 0x7f73ecd90700) = 0
mprotect(0x7f73ecb6e000, 16384, PROT_READ) = 0
mprotect(0x600000, 4096, PROT_READ)     = 0
mprotect(0x7f73ecd9d000, 4096, PROT_READ) = 0
munmap(0x7f73ecd92000, 42519)           = 0
brk(NULL)                               = 0x1f4e000
fstat(1, {st_mode=S_IFCHR|0620, st_rdev=makedev(136, 0), ...}) = 0
brk(0x1f6f000)                          = 0x1f6f000
write(1, "sbrk1 = 0x1f4e000\n", 18sbrk1 = 0x1f4e000
)     = 18
write(1, "mmap = 0x1f4e420\n", 17mmap = 0x1f4e420
)      = 17
write(1, "sbrk2 = 0x1f6f000\n", 18sbrk2 = 0x1f6f000
)     = 18
write(1, "sbrk2 - sbrk1 = 0x21000\n", 24sbrk2 - sbrk1 = 0x21000
) = 24
exit_group(24)                          = ?
+++ exited with 24 +++
